# Changelog
  All notable changes to this project will be documented in this file.

## [Unreleased]

## [1.0.0] - 2018-12-16
  Started developing CHPlayer V. 1.00. which can launch 2 VLC player simultaneously.
  One with E-Stim Audio and one with the Video file with no Audio output.  

## [1.0.0] - 2019-01-07
  First version V.1.00 created and uploaded to Github. 

## [1.0.0] - 2019-01-08 
  V 1.00 Uploaded Readme files to GitHub. 

## [Unreleased] - 2019-12-12
  Start Develop on V2. 

## [2.0.3] - 2020-01-26 
  Uploded first release V2.0.3 to Github. 
  This version launch only one VLC and the main program plays the E-stim Audio 
  on a second Audio Adapter. (for example an USB Adio Adapter) 

## [2.0.4] - 2020-02-09 
  V2.04 Uploaded to GitHub. 
  Help file and PDF files added for dokumentation of the program. 


## [2.0.12] - 2020-02-28
  V2.0.12 Bug Fix version. 
  Some change was made to the use of NAudio. WaveOut.Stop did not stop audio complete.  

## [2.0.13] - 2020-02-29  (Missing Setup_CHPlayerV2.msi)
  - V2.0.13 Uploaded to GitHub. Fixed Pornhub. 
    Mainly not working becouse wrong link used.
  - Now Pournhub.lua is included with the software setup. 
  
## [2.0.14] - 2020-03-08
   - Mainly Bug Fixex 
   Added some change to NAudio Stop Audio. 
   Added check for MP3 Audio files exist.
  
## [2.0.15] - 2020-03-15
   Added some check for selected files exixt before play. 
   Added save last used video and audio files selected. 

## [2.0.16] - 2020-03-26  [Unreleased]
   Minor Error checks. 
   
## [2.0.17] - 2020-03-28
   Added default load of MP3 Audio file. 
   Added some dokumentation in both CHM and PDF files
   
## [2.0.18] - 2020-04-04   
   Added support for loading *.avi, *.m4v, *.mkv, *.mov, *.mp4, *.mpeg4 and *.ts Video Files
   Minor Bug Fix. 
   
## [2.0.20] - 2020-07-20
   Added adjust timing 
   This version is primary for those e-stim files that do not match exactly. Then it is possible to ajust the timing.
   It does this by waiting for the number of seconds before it either starts the estim file or waits to start VLC.
  
## [2.0.21] - 2020-10-10
   Added support for WAV Files and added Duration time on selected Video file. 
   
## [3.0.0] - 2020-11-26
   New version uploaded. 

## [3.0.1] - 2020-11-26
   Bug Fix: 
   Change adjust time from Video. When Video and Audio file do not have same lenght it failed to adjust from Video. 
  
## [3.0.2] - 2020-11-30
   Major Bug Fix: The first 2 version only play sound in mono. This has been changed in this version. 

## [3.0.3] - 2020-12-15
   Bug Fix: Added check for Audio file exixst. 

## [3.0.4] - 2020-12-28
   Added Setup Menu: 
   Added link for System Audio Settings
   Added link for App Volume and Device preferences
   Added Master Volume show in menu. Change when select new Audio Device or select new Audio/Video File. 
   Added more info in help file.

## [3.0.5] - 2022-01-29
   Added Auto load of mp3 files with same name as mp4 file else load first mp3 in folder. 
   Added Info bottom to show name of files loaded etc. 
   Fix show full time length of video. 

## [3.0.6] - 2022-01-31
   Added new documentation about Auto load etc. to chm help file. 
   
## [3.0.7] - 2022-01-31
   Bug fix  Auto load of mp3 files.
  
